# JRE version: OpenJDK Runtime Environment Temurin-17.0.7+7 (17.0.7+7) (build 17.0.7+7)
# Java VM: OpenJDK 64-Bit Server VM Temurin-17.0.7+7 (17.0.7+7, mixed mode, tiered, compressed oops, compressed class ptrs, g1 gc, windows-amd64)
GC Precious Log:
 CPUs: 12 total, 12 available
 Memory: 16077M
 Large Page Support: Disabled
 NUMA Support: Disabled
 Compressed Oops: Enabled (Zero based)
 Heap Region Size: 2M
 Heap Min Capacity: 8M
 Heap Initial Capacity: 252M
 Heap Max Capacity: 4020M
 Pre-touch: Disabled
 Parallel Workers: 10
 Concurrent Workers: 3
 Concurrent Refinement Workers: 10
 Periodic GC: Disabled
Heap:
 garbage-first heap   total 81920K, used 45349K [0x0000000704c00000, 0x0000000800000000)
  region size 2048K, 11 young (22528K), 2 survivors (4096K)
 Metaspace       used 78826K, committed 79360K, reserved 1179648K
  class space    used 10253K, committed 10496K, reserved 1048576K
GC Heap History (20 events):
Event: 5.162 GC heap before
{Heap before GC invocations=12 (full 0):
 garbage-first heap   total 55296K, used 18319K [0x0000000704c00000, 0x0000000800000000)
  region size 2048K, 2 young (4096K), 1 survivors (2048K)
 Metaspace       used 38145K, committed 38528K, reserved 1114112K
  class space    used 4483K, committed 4672K, reserved 1048576K
}
Event: 5.168 GC heap after
{Heap after GC invocations=13 (full 0):
 garbage-first heap   total 55296K, used 16474K [0x0000000704c00000, 0x0000000800000000)
  region size 2048K, 1 young (2048K), 1 survivors (2048K)
 Metaspace       used 38145K, committed 38528K, reserved 1114112K
  class space    used 4483K, committed 4672K, reserved 1048576K
}
Event: 5.981 GC heap before
{Heap before GC invocations=13 (full 0):
 garbage-first heap   total 55296K, used 39002K [0x0000000704c00000, 0x0000000800000000)
  region size 2048K, 13 young (26624K), 1 survivors (2048K)
 Metaspace       used 40464K, committed 40896K, reserved 1114112K
  class space    used 4850K, committed 5056K, reserved 1048576K
}
Event: 5.984 GC heap after
{Heap after GC invocations=14 (full 0):
 garbage-first heap   total 157696K, used 16836K [0x0000000704c00000, 0x0000000800000000)
  region size 2048K, 1 young (2048K), 1 survivors (2048K)
 Metaspace       used 40464K, committed 40896K, reserved 1114112K
  class space    used 4850K, committed 5056K, reserved 1048576K
}
Event: 7.697 GC heap before
{Heap before GC invocations=14 (full 0):
 garbage-first heap   total 157696K, used 108996K [0x0000000704c00000, 0x0000000800000000)
  region size 2048K, 46 young (94208K), 1 survivors (2048K)
 Metaspace       used 47731K, committed 48192K, reserved 1114112K
  class space    used 6069K, committed 6272K, reserved 1048576K
}
Event: 7.703 GC heap after
{Heap after GC invocations=15 (full 0):
 garbage-first heap   total 157696K, used 18954K [0x0000000704c00000, 0x0000000800000000)
  region size 2048K, 2 young (4096K), 2 survivors (4096K)
 Metaspace       used 47731K, committed 48192K, reserved 1114112K
  class space    used 6069K, committed 6272K, reserved 1048576K
}
Event: 9.169 GC heap before
{Heap before GC invocations=15 (full 0):
 garbage-first heap   total 157696K, used 109066K [0x0000000704c00000, 0x0000000800000000)
  region size 2048K, 46 young (94208K), 2 survivors (4096K)
 Metaspace       used 58129K, committed 58560K, reserved 1114112K
  class space    used 7419K, committed 7616K, reserved 1048576K
}
Event: 9.177 GC heap after
{Heap after GC invocations=16 (full 0):
 garbage-first heap   total 157696K, used 21625K [0x0000000704c00000, 0x0000000800000000)
  region size 2048K, 3 young (6144K), 3 survivors (6144K)
 Metaspace       used 58129K, committed 58560K, reserved 1114112K
  class space    used 7419K, committed 7616K, reserved 1048576K
}
Event: 9.402 GC heap before
{Heap before GC invocations=16 (full 0):
 garbage-first heap   total 157696K, used 40057K [0x0000000704c00000, 0x0000000800000000)
  region size 2048K, 13 young (26624K), 3 survivors (6144K)
 Metaspace       used 59645K, committed 60096K, reserved 1114112K
  class space    used 7633K, committed 7872K, reserved 1048576K
}
Event: 9.408 GC heap after
{Heap after GC invocations=17 (full 0):
 garbage-first heap   total 157696K, used 22250K [0x0000000704c00000, 0x0000000800000000)
  region size 2048K, 3 young (6144K), 3 survivors (6144K)
 Metaspace       used 59645K, committed 60096K, reserved 1114112K
  class space    used 7633K, committed 7872K, reserved 1048576K
}
Event: 10.007 GC heap before
{Heap before GC invocations=18 (full 0):
 garbage-first heap   total 81920K, used 65258K [0x0000000704c00000, 0x0000000800000000)
  region size 2048K, 24 young (49152K), 3 survivors (6144K)
 Metaspace       used 63136K, committed 63616K, reserved 1114112K
  class space    used 8082K, committed 8320K, reserved 1048576K
}
Event: 10.014 GC heap after
{Heap after GC invocations=19 (full 0):
 garbage-first heap   total 81920K, used 23260K [0x0000000704c00000, 0x0000000800000000)
  region size 2048K, 3 young (6144K), 3 survivors (6144K)
 Metaspace       used 63136K, committed 63616K, reserved 1114112K
  class space    used 8082K, committed 8320K, reserved 1048576K
}
Event: 10.521 GC heap before
{Heap before GC invocations=19 (full 0):
 garbage-first heap   total 81920K, used 62172K [0x0000000704c00000, 0x0000000800000000)
  region size 2048K, 23 young (47104K), 3 survivors (6144K)
 Metaspace       used 67697K, committed 68160K, reserved 1114112K
  class space    used 8758K, committed 8960K, reserved 1048576K
}
Event: 10.526 GC heap after
{Heap after GC invocations=20 (full 0):
 garbage-first heap   total 81920K, used 23737K [0x0000000704c00000, 0x0000000800000000)
  region size 2048K, 1 young (2048K), 1 survivors (2048K)
 Metaspace       used 67697K, committed 68160K, reserved 1114112K
  class space    used 8758K, committed 8960K, reserved 1048576K
}
Event: 11.334 GC heap before
{Heap before GC invocations=20 (full 0):
 garbage-first heap   total 81920K, used 66745K [0x0000000704c00000, 0x0000000800000000)
  region size 2048K, 22 young (45056K), 1 survivors (2048K)
 Metaspace       used 71243K, committed 71744K, reserved 1114112K
  class space    used 9272K, committed 9536K, reserved 1048576K
}
Event: 11.339 GC heap after
{Heap after GC invocations=21 (full 0):
 garbage-first heap   total 81920K, used 25564K [0x0000000704c00000, 0x0000000800000000)
  region size 2048K, 2 young (4096K), 2 survivors (4096K)
 Metaspace       used 71243K, committed 71744K, reserved 1114112K
  class space    used 9272K, committed 9536K, reserved 1048576K
}
Event: 11.982 GC heap before
{Heap before GC invocations=21 (full 0):
 garbage-first heap   total 81920K, used 66524K [0x0000000704c00000, 0x0000000800000000)
  region size 2048K, 22 young (45056K), 2 survivors (4096K)
 Metaspace       used 73963K, committed 74496K, reserved 1114112K
  class space    used 9610K, committed 9856K, reserved 1048576K
}
Event: 11.989 GC heap after
{Heap after GC invocations=22 (full 0):
 garbage-first heap   total 81920K, used 27941K [0x0000000704c00000, 0x0000000800000000)
  region size 2048K, 3 young (6144K), 3 survivors (6144K)
 Metaspace       used 73963K, committed 74496K, reserved 1114112K
  class space    used 9610K, committed 9856K, reserved 1048576K
}
Event: 12.695 GC heap before
{Heap before GC invocations=22 (full 0):
 garbage-first heap   total 81920K, used 64805K [0x0000000704c00000, 0x0000000800000000)
  region size 2048K, 21 young (43008K), 3 survivors (6144K)
 Metaspace       used 77265K, committed 77824K, reserved 1179648K
  class space    used 10024K, committed 10304K, reserved 1048576K
}
Event: 12.703 GC heap after
{Heap after GC invocations=23 (full 0):
 garbage-first heap   total 81920K, used 28965K [0x0000000704c00000, 0x0000000800000000)
  region size 2048K, 2 young (4096K), 2 survivors (4096K)
 Metaspace       used 77265K, committed 77824K, reserved 1179648K
  class space    used 10024K, committed 10304K, reserved 1048576K
}

